<?xml version="1.0" encoding="UTF-8"?>
<!-- Generated by org.testng.reporters.JUnitReportReporter -->
<testsuite hostname="Trisha" name="Testing_Project.Maven_Testing_Project.TestClassNew" tests="1" failures="0" timestamp="31 Jul 2017 11:31:58 GMT" time="0.868" errors="0">
  <testcase name="SignUpLink" time="0.868" classname="Testing_Project.Maven_Testing_Project.TestClassNew"/>
</testsuite> <!-- Testing_Project.Maven_Testing_Project.TestClassNew -->
