<?xml version="1.0" encoding="UTF-8"?>
<!-- Generated by org.testng.reporters.JUnitReportReporter -->
<testsuite hostname="Trisha" name="Testing_Project.Maven_Testing_Project.TestProgram" tests="1" failures="0" timestamp="29 Jul 2017 13:26:34 GMT" time="0.091" errors="0">
  <testcase name="SignUpLink" time="0.091" classname="Testing_Project.Maven_Testing_Project.TestProgram"/>
</testsuite> <!-- Testing_Project.Maven_Testing_Project.TestProgram -->
